<?xml version="1.0" encoding="UTF-8"?>
<!-- Generated by org.testng.reporters.JUnitReportReporter -->
<testsuite hostname="nebula" failures="0" tests="8" name="testcases.Runner" time="324.761" errors="0" timestamp="2022-10-28T12:35:35 IST" skipped="0">
  <testcase classname="testcases.Runner" name="runScenario" time="47.595"/>
  <system-out/>
  <testcase classname="testcases.Runner" name="runScenario" time="34.366"/>
  <system-out/>
  <testcase classname="testcases.Runner" name="runScenario" time="54.515"/>
  <system-out/>
  <testcase classname="testcases.Runner" name="runScenario" time="25.708"/>
  <system-out/>
  <testcase classname="testcases.Runner" name="runScenario" time="53.172"/>
  <system-out/>
  <testcase classname="testcases.Runner" name="runScenario" time="35.402"/>
  <system-out/>
  <testcase classname="testcases.Runner" name="runScenario" time="25.910"/>
  <system-out/>
  <testcase classname="testcases.Runner" name="runScenario" time="48.093"/>
  <system-out/>
</testsuite> <!-- testcases.Runner -->
