<?xml version="1.0" encoding="UTF-8"?>
<!-- Generated by org.testng.reporters.JUnitReportReporter -->
<testsuite hostname="nebula" failures="0" tests="1" name="com.redbeltgym.testcases.TC005" time="18.160" errors="0" timestamp="2022-08-03T20:30:33 IST" skipped="0">
  <testcase classname="com.redbeltgym.testcases.TC005" name="deletePhase" time="18.160"/>
  <system-out/>
</testsuite> <!-- com.redbeltgym.testcases.TC005 -->
