<?xml version="1.0" encoding="UTF-8"?>
<!-- Generated by org.testng.reporters.JUnitReportReporter -->
<testsuite hostname="nebula" failures="0" tests="8" name="testcases.Runner" time="267.838" errors="0" timestamp="2022-10-18T18:00:35 IST" skipped="0">
  <testcase classname="testcases.Runner" name="runScenario" time="27.930"/>
  <system-out/>
  <testcase classname="testcases.Runner" name="runScenario" time="27.513"/>
  <system-out/>
  <testcase classname="testcases.Runner" name="runScenario" time="33.006"/>
  <system-out/>
  <testcase classname="testcases.Runner" name="runScenario" time="38.164"/>
  <system-out/>
  <testcase classname="testcases.Runner" name="runScenario" time="34.882"/>
  <system-out/>
  <testcase classname="testcases.Runner" name="runScenario" time="38.139"/>
  <system-out/>
  <testcase classname="testcases.Runner" name="runScenario" time="35.663"/>
  <system-out/>
  <testcase classname="testcases.Runner" name="runScenario" time="32.541"/>
  <system-out/>
</testsuite> <!-- testcases.Runner -->
