<?xml version="1.0" encoding="UTF-8"?>
<!-- Generated by org.testng.reporters.JUnitReportReporter -->
<testsuite hostname="nebula" failures="0" tests="1" name="redbeltgym.testcases.LoginFailure" time="17.502" errors="0" timestamp="2022-09-22T12:44:24 IST" skipped="0">
  <testcase classname="redbeltgym.testcases.LoginFailure" name="logInFail" time="17.502"/>
  <system-out/>
</testsuite> <!-- redbeltgym.testcases.LoginFailure -->
