<?xml version="1.0" encoding="UTF-8"?>
<!-- Generated by org.testng.reporters.JUnitReportReporter -->
<testsuite hostname="nebula" failures="0" tests="1" name="com.redbeltgym.testcases.SMS" time="33.474" errors="0" timestamp="2022-09-14T20:01:04 IST" skipped="0">
  <testcase classname="com.redbeltgym.testcases.SMS" name="sendSMS" time="33.474"/>
  <system-out/>
</testsuite> <!-- com.redbeltgym.testcases.SMS -->
