<?xml version="1.0" encoding="UTF-8"?>
<!-- Generated by org.testng.reporters.JUnitReportReporter -->
<testsuite hostname="nebula" failures="0" tests="1" name="com.redbeltgym.testcases.LoginSuccess" time="17.785" errors="0" timestamp="2022-08-26T17:44:12 IST" skipped="0">
  <testcase classname="com.redbeltgym.testcases.LoginSuccess" name="logInPass" time="17.785"/>
  <system-out/>
</testsuite> <!-- com.redbeltgym.testcases.LoginSuccess -->
