<?xml version="1.0" encoding="UTF-8"?>
<!-- Generated by org.testng.reporters.JUnitReportReporter -->
<testsuite hostname="nebula" failures="0" tests="1" name="com.redbeltgym.testcases.MemberPortal" time="0.000" errors="0" timestamp="2022-09-06T13:58:39 IST" skipped="1">
  <testcase classname="com.redbeltgym.testcases.MemberPortal" name="memberCheckIn" time="0.000">
    <skipped/>
  </testcase> <!-- memberCheckIn -->
  <system-out/>
</testsuite> <!-- com.redbeltgym.testcases.MemberPortal -->
