<?xml version="1.0" encoding="UTF-8"?>
<!-- Generated by org.testng.reporters.JUnitReportReporter -->
<testsuite hostname="DESKTOP-7IS5LIE" failures="0" tests="1" name="com.redbeltgym.testcases.TC010" time="24.413" errors="0" timestamp="2022-05-08T15:09:58 IST" skipped="0">
  <testcase classname="com.redbeltgym.testcases.TC010" name="testDetails" time="24.413"/>
  <system-out/>
</testsuite> <!-- com.redbeltgym.testcases.TC010 -->
