<?xml version="1.0" encoding="UTF-8"?>
<!-- Generated by org.testng.reporters.JUnitReportReporter -->
<testsuite hostname="nebula" failures="0" tests="1" name="redbeltgym.testcases.LoginSuccess" time="18.574" errors="0" timestamp="2022-10-17T12:21:41 IST" skipped="0">
  <testcase classname="redbeltgym.testcases.LoginSuccess" name="logInPass" time="18.574"/>
  <system-out/>
</testsuite> <!-- redbeltgym.testcases.LoginSuccess -->
