<?xml version="1.0" encoding="UTF-8"?>
<!-- Generated by org.testng.reporters.JUnitReportReporter -->
<testsuite hostname="nebula" failures="0" tests="1" name="com.redbeltgym.testcases.TC004" time="23.619" errors="0" timestamp="2022-08-03T20:30:33 IST" skipped="0">
  <testcase classname="com.redbeltgym.testcases.TC004" name="editPhaseExisting" time="23.619"/>
  <system-out/>
</testsuite> <!-- com.redbeltgym.testcases.TC004 -->
