<?xml version="1.0" encoding="UTF-8"?>
<!-- Generated by org.testng.reporters.JUnitReportReporter -->
<testsuite hostname="nebula" failures="0" tests="1" name="com.redbeltgym.testcases.Call" time="103.395" errors="0" timestamp="2022-09-14T20:01:04 IST" skipped="0">
  <testcase classname="com.redbeltgym.testcases.Call" name="logInFail" time="103.395"/>
  <system-out/>
</testsuite> <!-- com.redbeltgym.testcases.Call -->
