<?xml version="1.0" encoding="UTF-8"?>
<!-- Generated by org.testng.reporters.JUnitReportReporter -->
<testsuite hostname="nebula" failures="0" tests="1" name="com.redbeltgym.testcases.TC008" time="22.329" errors="0" timestamp="2022-05-09T15:54:12 IST" skipped="0">
  <testcase classname="com.redbeltgym.testcases.TC008" name="testDetails" time="22.329"/>
  <system-out/>
</testsuite> <!-- com.redbeltgym.testcases.TC008 -->
