<?xml version="1.0" encoding="UTF-8"?>
<!-- Generated by org.testng.reporters.JUnitReportReporter -->
<testsuite hostname="nebula" failures="0" tests="2" name="com.redbeltgym.testcases.TC001" time="40.293" errors="0" timestamp="2022-08-03T20:27:36 IST" skipped="0">
  <testcase classname="com.redbeltgym.testcases.TC001" name="addPhases" time="19.406"/>
  <system-out/>
  <testcase classname="com.redbeltgym.testcases.TC001" name="addPhases" time="20.887"/>
  <system-out/>
</testsuite> <!-- com.redbeltgym.testcases.TC001 -->
