<?xml version="1.0" encoding="UTF-8"?>
<!-- Generated by org.testng.reporters.JUnitReportReporter -->
<testsuite hostname="nebula" failures="0" tests="4" name="testcases.Runner" time="144.048" errors="0" timestamp="2022-10-19T16:33:14 IST" skipped="0">
  <testcase classname="testcases.Runner" name="runScenario" time="38.921"/>
  <system-out/>
  <testcase classname="testcases.Runner" name="runScenario" time="35.038"/>
  <system-out/>
  <testcase classname="testcases.Runner" name="runScenario" time="36.299"/>
  <system-out/>
  <testcase classname="testcases.Runner" name="runScenario" time="33.790"/>
  <system-out/>
</testsuite> <!-- testcases.Runner -->
