<?xml version="1.0" encoding="UTF-8"?>
<!-- Generated by org.testng.reporters.JUnitReportReporter -->
<testsuite hostname="nebula" failures="0" tests="2" name="testcases.Runner" time="97.824" errors="0" timestamp="2022-11-11T18:50:24 IST" skipped="0">
  <testcase classname="testcases.Runner" name="runScenario" time="63.157"/>
  <system-out/>
  <testcase classname="testcases.Runner" name="runScenario" time="34.667"/>
  <system-out/>
</testsuite> <!-- testcases.Runner -->
