<?xml version="1.0" encoding="UTF-8"?>
<!-- Generated by org.testng.reporters.JUnitReportReporter -->
<testsuite hostname="nebula" failures="0" tests="1" name="com.redbeltgym.testcases.TC003" time="22.206" errors="0" timestamp="2022-08-03T20:27:36 IST" skipped="0">
  <testcase classname="com.redbeltgym.testcases.TC003" name="editPhase" time="22.206"/>
  <system-out/>
</testsuite> <!-- com.redbeltgym.testcases.TC003 -->
