<?xml version="1.0" encoding="UTF-8"?>
<!-- Generated by org.testng.reporters.JUnitReportReporter -->
<testsuite hostname="nebula" failures="0" tests="1" name="com.redbeltgym.testcases.TC012" time="22.350" errors="0" timestamp="2022-05-09T12:32:06 IST" skipped="0">
  <testcase classname="com.redbeltgym.testcases.TC012" name="testDetails" time="22.350"/>
  <system-out/>
</testsuite> <!-- com.redbeltgym.testcases.TC012 -->
