<?xml version="1.0" encoding="UTF-8"?>
<!-- Generated by org.testng.reporters.JUnitReportReporter -->
<testsuite hostname="DESKTOP-7IS5LIE" failures="0" tests="1" name="com.redbeltgym.testcases.TC009" time="24.164" errors="0" timestamp="2022-05-08T11:29:15 IST" skipped="0">
  <testcase classname="com.redbeltgym.testcases.TC009" name="testDetails" time="24.164"/>
  <system-out/>
</testsuite> <!-- com.redbeltgym.testcases.TC009 -->
