<?xml version="1.0" encoding="UTF-8"?>
<!-- Generated by org.testng.reporters.JUnitReportReporter -->
<testsuite hostname="nebula" failures="0" tests="1" name="com.redbeltgym.testcases.StatusAndPhase" time="13.118" errors="0" timestamp="2022-08-03T20:23:02 IST" skipped="0">
  <testcase classname="com.redbeltgym.testcases.StatusAndPhase" name="statusPhase" time="13.118"/>
  <system-out/>
</testsuite> <!-- com.redbeltgym.testcases.StatusAndPhase -->
