<?xml version="1.0" encoding="UTF-8"?>
<!-- Generated by org.testng.reporters.JUnitReportReporter -->
<testsuite hostname="nebula" failures="0" tests="1" name="com.redbeltgym.testcases.AttendanceMemberPortal" time="0.000" errors="0" timestamp="2022-09-06T12:39:39 IST" skipped="1">
  <testcase classname="com.redbeltgym.testcases.AttendanceMemberPortal" name="logInPass" time="0.000">
    <skipped/>
  </testcase> <!-- logInPass -->
  <system-out/>
</testsuite> <!-- com.redbeltgym.testcases.AttendanceMemberPortal -->
