<?xml version="1.0" encoding="UTF-8"?>
<!-- Generated by org.testng.reporters.JUnitReportReporter -->
<testsuite hostname="DESKTOP-7IS5LIE" failures="0" tests="1" name="com.redbeltgym.testcases.TC007" time="42.494" errors="0" timestamp="2022-05-07T10:43:21 IST" skipped="0">
  <testcase classname="com.redbeltgym.testcases.TC007" name="testDetails" time="42.494"/>
  <system-out/>
</testsuite> <!-- com.redbeltgym.testcases.TC007 -->
