<?xml version="1.0" encoding="UTF-8"?>
<!-- Generated by org.testng.reporters.JUnitReportReporter -->
<testsuite hostname="nebula" failures="0" tests="1" name="com.redbeltgym.testcases.TC006" time="20.040" errors="0" timestamp="2022-07-01T18:19:40 IST" skipped="0">
  <testcase classname="com.redbeltgym.testcases.TC006" name="deletePhaseAssign" time="20.040"/>
  <system-out/>
</testsuite> <!-- com.redbeltgym.testcases.TC006 -->
