<?xml version="1.0" encoding="UTF-8"?>
<!-- Generated by org.testng.reporters.JUnitReportReporter -->
<testsuite skipped="0" hostname="hp" name="testcases.ReadProperties" tests="1" failures="0" timestamp="2022-02-06T10:10:45 IST" time="0.009" errors="0">
  <testcase name="readData" time="0.009" classname="testcases.ReadProperties"/>
  <system-out/>
</testsuite> <!-- testcases.ReadProperties -->
